Using pre-set license
Built from '2020.3/release' branch; Version is '2020.3.2f1 (8fd9074bf66c) revision 9427207'; Using compiler version '192528614'; Build Type 'Release'
OS: 'Windows 10 Pro; OS build 18363.1316; Version 1909; 64bit' Language: 'ru' Physical Memory: 8065 MB
BatchMode: 1, IsHumanControllingUs: 0, StartBugReporterOnCrash: 0, Is64bit: 1, IsPro: 0

 COMMAND LINE ARGUMENTS:
F:\Programs\UHub\2020.3.2f1\Editor\Unity.exe
-adb2
-batchMode
-noUpm
-name
AssetImportWorker0
-projectPath
F:/UNITY/CourseWork2_game/CourseWork_game/CourseWork_game
-logFile
Logs/AssetImportWorker0.log
-srvPort
53080
Successfully changed project path to: F:/UNITY/CourseWork2_game/CourseWork_game/CourseWork_game
F:/UNITY/CourseWork2_game/CourseWork_game/CourseWork_game
Using Asset Import Pipeline V2.
Refreshing native plugins compatible for Editor in 79.17 ms, found 1 plugins.
Preloading 0 native plugins for Editor in 0.00 ms.
Initialize engine version: 2020.3.2f1 (8fd9074bf66c)
[Subsystems] Discovering subsystems at path F:/Programs/UHub/2020.3.2f1/Editor/Data/Resources/UnitySubsystems
[Subsystems] Discovering subsystems at path F:/UNITY/CourseWork2_game/CourseWork_game/CourseWork_game/Assets
GfxDevice: creating device client; threaded=0
Direct3D:
    Version:  Direct3D 11.0 [level 11.0]
    Renderer: NVIDIA GeForce 940MX (ID=0x179c)
    Vendor:   
    VRAM:     2019 MB
    Driver:   21.21.13.7654
Initialize mono
Mono path[0] = 'F:/Programs/UHub/2020.3.2f1/Editor/Data/Managed'
Mono path[1] = 'F:/Programs/UHub/2020.3.2f1/Editor/Data/MonoBleedingEdge/lib/mono/unityjit'
Mono config path = 'F:/Programs/UHub/2020.3.2f1/Editor/Data/MonoBleedingEdge/etc'
Using monoOptions --debugger-agent=transport=dt_socket,embedding=1,server=y,suspend=n,address=127.0.0.1:56288
Begin MonoManager ReloadAssembly
Registering precompiled unity dll's ...
Register platform support module: F:/Programs/UHub/2020.3.2f1/Editor/Data/PlaybackEngines/WindowsStandaloneSupport/UnityEditor.WindowsStandalone.Extensions.dll
Registered in 0.005234 seconds.
Native extension for WindowsStandalone target not found
Refreshing native plugins compatible for Editor in 72.76 ms, found 1 plugins.
Preloading 0 native plugins for Editor in 0.00 ms.
Invoked RoslynAnalysisRunner static constructor.
RoslynAnalysisRunner will not be running.
RoslynAnalysisRunner has terminated.
Mono: successfully reloaded assembly
- Completed reload, in  5.306 seconds
Platform modules already initialized, skipping
Registering precompiled user dll's ...
Registered in 0.005488 seconds.
Begin MonoManager ReloadAssembly
Native extension for WindowsStandalone target not found
Refreshing native plugins compatible for Editor in 73.14 ms, found 1 plugins.
Preloading 0 native plugins for Editor in 0.00 ms.
Invoked RoslynAnalysisRunner static constructor.
RoslynAnalysisRunner will not be running.
RoslynAnalysisRunner has terminated.
Mono: successfully reloaded assembly
- Completed reload, in  1.953 seconds
Platform modules already initialized, skipping
========================================================================
Worker process is ready to serve import requests
Launched and connected shader compiler UnityShaderCompiler.exe after 0.07 seconds
Refreshing native plugins compatible for Editor in 1.06 ms, found 1 plugins.
Preloading 0 native plugins for Editor in 0.00 ms.
Unloading 1987 Unused Serialized files (Serialized files now loaded: 0)
System memory in use before: 92.8 MB.
System memory in use after: 92.7 MB.

Unloading 25 unused Assets to reduce memory usage. Loaded Objects now: 2430.
Total: 4.792600 ms (FindLiveObjects: 0.455000 ms CreateObjectMapping: 0.222600 ms MarkObjects: 3.837400 ms  DeleteObjects: 0.275200 ms)

========================================================================
Received Import Request.
  path: Assets/2D Village Pack Free/Graphics
  artifactKey: Guid(1ef91da6a703f5e4881ce9a98991ee43) Importer(815301076,1909f56bfc062723c751e8b465ee728b)
Start importing Assets/2D Village Pack Free/Graphics using Guid(1ef91da6a703f5e4881ce9a98991ee43) Importer(815301076,1909f56bfc062723c751e8b465ee728b)  -> (artifact id: '7178b6981ca6e5de239918b71736cb96') in 0.024450 seconds
  Import took 0.035550 seconds .

========================================================================
Received Import Request.
  Time since last request: 1210.610828 seconds.
  path: Assets/CharacterPack/BURLY-MAN_1_swordsman/Animation
  artifactKey: Guid(d7de96b6ba0a2f84da4b7974b1277413) Importer(815301076,1909f56bfc062723c751e8b465ee728b)
Start importing Assets/CharacterPack/BURLY-MAN_1_swordsman/Animation using Guid(d7de96b6ba0a2f84da4b7974b1277413) Importer(815301076,1909f56bfc062723c751e8b465ee728b)  -> (artifact id: '6e6344dab524e98d51ee3d57656250e1') in 0.013131 seconds
  Import took 0.028236 seconds .

========================================================================
Received Import Request.
  Time since last request: 0.000354 seconds.
  path: Assets/CharacterPack/BURLY-MAN_1_swordsman/Animation
  artifactKey: Guid(d7de96b6ba0a2f84da4b7974b1277413) Importer(815301076,1909f56bfc062723c751e8b465ee728b)
Start importing Assets/CharacterPack/BURLY-MAN_1_swordsman/Animation using Guid(d7de96b6ba0a2f84da4b7974b1277413) Importer(815301076,1909f56bfc062723c751e8b465ee728b)  -> (artifact id: '6e6344dab524e98d51ee3d57656250e1') in 0.004449 seconds
  Import took 0.012819 seconds .

========================================================================
Received Import Request.
  Time since last request: 3774.397246 seconds.
  path: Assets/Scripts/PlayerScript.cs
  artifactKey: Guid(3413c0aee28269541a50ae6070721560) Importer(815301076,1909f56bfc062723c751e8b465ee728b)
Start importing Assets/Scripts/PlayerScript.cs using Guid(3413c0aee28269541a50ae6070721560) Importer(815301076,1909f56bfc062723c751e8b465ee728b)  -> (artifact id: '80bb6d0da36647475eb65ac1c583f871') in 0.145804 seconds
  Import took 0.158855 seconds .

========================================================================
Received Import Request.
  Time since last request: 1008.567209 seconds.
  path: Assets/CharacterPack/BURLY-MAN_1_swordsman/Animation/BURLY-MAN_1_swordsman.controller
  artifactKey: Guid(7497b63b19dca604fa977ded2127639d) Importer(815301076,1909f56bfc062723c751e8b465ee728b)
Start importing Assets/CharacterPack/BURLY-MAN_1_swordsman/Animation/BURLY-MAN_1_swordsman.controller using Guid(7497b63b19dca604fa977ded2127639d) Importer(815301076,1909f56bfc062723c751e8b465ee728b)  -> (artifact id: '31874b6303176efd30de85b3b1bd83d2') in 0.096474 seconds
  Import took 0.110801 seconds .

========================================================================
Received Import Request.
  Time since last request: 681.981653 seconds.
  path: Assets/CharacterPack/Demo_GameResource/WoodenDoll/Wooden_Doll.controller
  artifactKey: Guid(5d48ce0cb6c70d245a06c0dcd6d82541) Importer(815301076,1909f56bfc062723c751e8b465ee728b)
Start importing Assets/CharacterPack/Demo_GameResource/WoodenDoll/Wooden_Doll.controller using Guid(5d48ce0cb6c70d245a06c0dcd6d82541) Importer(815301076,1909f56bfc062723c751e8b465ee728b)  -> (artifact id: '19fea7f50bfb4a593eb62e2629a19742') in 0.031084 seconds
  Import took 0.038959 seconds .

========================================================================
Received Import Request.
  Time since last request: 7443.773810 seconds.
  path: Assets/Scenes/MainMenu.unity
  artifactKey: Guid(bd90e7f9a3a7c8f4991fe9884823e3e8) Importer(815301076,1909f56bfc062723c751e8b465ee728b)
Start importing Assets/Scenes/MainMenu.unity using Guid(bd90e7f9a3a7c8f4991fe9884823e3e8) Importer(815301076,1909f56bfc062723c751e8b465ee728b)  -> (artifact id: '65bc26e39efed3928f9df0a38ee89dec') in 6.442895 seconds
  Import took 12.417373 seconds .

